c:\users\suraksha\documents\visual studio 2015\projects\leaf_classification\leaf_classification\debug\vc140.pdb
c:\users\suraksha\documents\visual studio 2015\projects\leaf_classification\leaf_classification\debug\.netframework,version=v4.5.2.assemblyattributes.obj
c:\users\suraksha\documents\visual studio 2015\projects\leaf_classification\leaf_classification\debug\.netframework,version=v4.5.2.assemblyattributes.asm
c:\users\suraksha\documents\visual studio 2015\projects\leaf_classification\leaf_classification\debug\entry_form.obj
c:\users\suraksha\documents\visual studio 2015\projects\leaf_classification\leaf_classification\debug\leaf_classification.entry_form.resources
c:\users\suraksha\documents\visual studio 2015\projects\leaf_classification\leaf_classification\debug\leaf_classification.vcxproj.generateresource.cache
c:\users\suraksha\documents\visual studio 2015\projects\leaf_classification\leaf_classification\debug\leaf_classification.vcxprojresolveassemblyreference.cache
c:\users\suraksha\documents\visual studio 2015\projects\leaf_classification\leaf_classification\debug\leaf_cla.014e27a6.tlog\cl.command.1.tlog
c:\users\suraksha\documents\visual studio 2015\projects\leaf_classification\leaf_classification\debug\leaf_cla.014e27a6.tlog\cl.read.1.tlog
c:\users\suraksha\documents\visual studio 2015\projects\leaf_classification\leaf_classification\debug\leaf_cla.014e27a6.tlog\cl.write.1.tlog
c:\users\suraksha\documents\visual studio 2015\projects\leaf_classification\leaf_classification\debug\leaf_cla.014e27a6.tlog\leaf_classification.write.1u.tlog
c:\users\suraksha\documents\visual studio 2015\projects\leaf_classification\leaf_classification\debug\leaf_cla.014e27a6.tlog\link.11432.212.read.1.tlog
c:\users\suraksha\documents\visual studio 2015\projects\leaf_classification\leaf_classification\debug\leaf_cla.014e27a6.tlog\link.11432.212.write.1.tlog
c:\users\suraksha\documents\visual studio 2015\projects\leaf_classification\leaf_classification\debug\leaf_cla.014e27a6.tlog\link.11432.read.1.tlog
c:\users\suraksha\documents\visual studio 2015\projects\leaf_classification\leaf_classification\debug\leaf_cla.014e27a6.tlog\link.11432.write.1.tlog
c:\users\suraksha\documents\visual studio 2015\projects\leaf_classification\leaf_classification\debug\leaf_cla.014e27a6.tlog\link.7768.6688.read.1.tlog
c:\users\suraksha\documents\visual studio 2015\projects\leaf_classification\leaf_classification\debug\leaf_cla.014e27a6.tlog\link.7768.6688.write.1.tlog
c:\users\suraksha\documents\visual studio 2015\projects\leaf_classification\leaf_classification\debug\leaf_cla.014e27a6.tlog\link.7768.read.1.tlog
c:\users\suraksha\documents\visual studio 2015\projects\leaf_classification\leaf_classification\debug\leaf_cla.014e27a6.tlog\link.7768.write.1.tlog
c:\users\suraksha\documents\visual studio 2015\projects\leaf_classification\leaf_classification\debug\leaf_cla.014e27a6.tlog\link.9380.4164.read.1.tlog
c:\users\suraksha\documents\visual studio 2015\projects\leaf_classification\leaf_classification\debug\leaf_cla.014e27a6.tlog\link.9380.4164.write.1.tlog
c:\users\suraksha\documents\visual studio 2015\projects\leaf_classification\leaf_classification\debug\leaf_cla.014e27a6.tlog\link.9380.read.1.tlog
c:\users\suraksha\documents\visual studio 2015\projects\leaf_classification\leaf_classification\debug\leaf_cla.014e27a6.tlog\link.9380.write.1.tlog
c:\users\suraksha\documents\visual studio 2015\projects\leaf_classification\leaf_classification\debug\leaf_cla.014e27a6.tlog\link.command.1.tlog
c:\users\suraksha\documents\visual studio 2015\projects\leaf_classification\leaf_classification\debug\leaf_cla.014e27a6.tlog\link.read.1.tlog
c:\users\suraksha\documents\visual studio 2015\projects\leaf_classification\leaf_classification\debug\leaf_cla.014e27a6.tlog\link.write.1.tlog
c:\users\suraksha\documents\visual studio 2015\projects\leaf_classification\leaf_classification\debug\leaf_cla.014e27a6.tlog\metagen.read.1.tlog
c:\users\suraksha\documents\visual studio 2015\projects\leaf_classification\leaf_classification\debug\leaf_cla.014e27a6.tlog\metagen.write.1.tlog
c:\users\suraksha\documents\visual studio 2015\projects\leaf_classification\leaf_classification\debug\leaf_cla.014e27a6.tlog\tzres.dll.bi
